Running: C:\Xilinx\14.7\ISE_DS\ISE\bin\nt64\unwrapped\fuse.exe -intstyle ise -incremental -o C:/Users/asole/ISE/ALU-1bit/ALU_1bit_isim_beh.exe -prj C:/Users/asole/ISE/ALU-1bit/ALU_1bit_beh.prj work.ALU_1bit 
ISim P.20131013 (signature 0x7708f090)
Number of CPUs detected in this system: 12
Turning on mult-threading, number of parallel sub-compilation jobs: 24 
Determining compilation order of HDL files
Parsing VHDL file "C:/Users/asole/ISE/ALU-1bit/FullAdder.vhd" into library work
Parsing VHDL file "C:/Users/asole/ISE/ALU-1bit/ALU_1bit.vhd" into library work
Starting static elaboration
Completed static elaboration
Compiling package standard
Compiling package std_logic_1164
Compiling package std_logic_arith
Compiling package std_logic_unsigned
Compiling package numeric_std
Compiling architecture behavioral of entity FullAdder [fulladder_default]
Compiling architecture behavioral of entity alu_1bit
Time Resolution for simulation is 1ps.
Compiled 8 VHDL Units
Built simulation executable C:/Users/asole/ISE/ALU-1bit/ALU_1bit_isim_beh.exe
Fuse Memory Usage: 37872 KB
Fuse CPU Usage: 406 ms
