ISim log file
Running: C:\Users\asole\ISE\FullAdder\FullAdder_isim_beh.exe -intstyle ise -gui -tclbatch isim.cmd -wdb C:/Users/asole/ISE/FullAdder/FullAdder_isim_beh.wdb 
ISim P.20131013 (signature 0x7708f090)
This is a Full version of ISim.
Time resolution is 1 ps
# onerror resume
# wave add /
# run 1000 ns
Simulator is doing circuit initialization process.
Finished circuit initialization process.
# isim force add /fulladder/a 1 -radix bin
# run all
# run 1.00us
# run 1.00us
# run all
# run all
# isim force add /fulladder/b 0 -radix bin
# isim force add /fulladder/b 0 -radix bin
# isim force add /fulladder/b 0 -radix bin
# isim force add /fulladder/cin 1 -radix bin
# run all
# run 1.00us
# isim force add /fulladder/cin 0 -radix bin
# isim force add /fulladder/cin 0 -radix bin
# run all
# run 1.00us
# run all
# isim force add /fulladder/cin 1 -radix bin
# isim force add /fulladder/cin 1 -radix bin
# isim force add /fulladder/b 1 -radix bin
# run all
# run all
# run 1.00us
