ISim log file
Running: C:\Users\asole\ISE\Adder4bits\Adder4bits_isim_beh.exe -intstyle ise -gui -tclbatch isim.cmd -wdb C:/Users/asole/ISE/Adder4bits/Adder4bits_isim_beh.wdb 
ISim P.20131013 (signature 0x7708f090)
This is a Full version of ISim.
Time resolution is 1 ps
# onerror resume
# wave add /
# run 1000 ns
Simulator is doing circuit initialization process.
Finished circuit initialization process.
# isim force add /adder4bits/a 0001 -radix bin
# isim force add /adder4bits/a 0001 -radix bin
# isim force add /adder4bits/b 0011 -radix bin
# isim force add /adder4bits/b 0011 -radix bin
# isim force add /adder4bits/cin 1 -radix bin
# run all
# run 1.00us
# isim force add /adder4bits/a 1111 -radix bin
# isim force add /adder4bits/a 1111 -radix bin
# isim force add /adder4bits/a 1111 -radix bin
# isim force add /adder4bits/b 1111 -radix bin
# isim force add /adder4bits/b 1111 -radix bin
# run all
# isim force add /adder4bits/cin 0 -radix bin
# isim force add /adder4bits/cin 0 -radix bin
# run all
# isim force add /adder4bits/b 1010 -radix bin
# run all
